10/07/2022 10:35:16	Reading UID database.
10/07/2022 10:35:16	Start loading STAAD model.
10/07/2022 10:35:16	Reading model file.
10/07/2022 10:35:16	Reading model file is complete.
10/07/2022 10:35:16	Processing support.
10/07/2022 10:35:16	Processing springs.
10/07/2022 10:35:16	Processing properties.
10/07/2022 10:35:16	Processing physical properties.
10/07/2022 10:35:16	Processing constants.
10/07/2022 10:35:16	Processing surface constants.
10/07/2022 10:35:16	Processing BETA constants.
10/07/2022 10:35:16	Processing hidden analytical member loads.
10/07/2022 10:35:16	Processing command list for member release.
10/07/2022 10:35:16	Processing command list for member offset.
10/07/2022 10:35:16	Processing command list for member specs (cracked).
10/07/2022 10:35:16	Processing command list for member specs (axial).
10/07/2022 10:35:16	Processing command list for element release.
10/07/2022 10:35:16	Processing command list for element offset.
10/07/2022 10:35:16	Processing command list for element plate stress directive.
10/07/2022 10:35:16	End Processing command list.
10/07/2022 10:35:16	End loading STAAD model.
