This is pdfTeX, Version 3.141592653-2.6-1.40.24 (MiKTeX 22.3 Portable) (preloaded format=pdflatex 2022.4.28)  2 NOV 2022 06:16
entering extended mode
 restricted \write18 enabled.
 %&-line parsing enabled.
**"./Jacking Operations Template 2022-10-31.tex"
(Jacking Operations Template 2022-10-31.tex
LaTeX2e <2021-11-15> patch level 1
L3 programming layer <2022-04-20>
(C:\Users\wlynes\OneDrive - high.net\Calculators\tex\texmfs\install\tex/latex/b
ase\report.cls
Document Class: report 2021/10/04 v1.4n Standard LaTeX document class

(C:\Users\wlynes\OneDrive - high.net\Calculators\tex\texmfs\install\tex/latex/b
ase\size11.clo
File: size11.clo 2021/10/04 v1.4n Standard LaTeX file (size option)
)
\c@part=\count185
\c@chapter=\count186
\c@section=\count187
\c@subsection=\count188
\c@subsubsection=\count189
\c@paragraph=\count190
\c@subparagraph=\count191
\c@figure=\count192
\c@table=\count193
\abovecaptionskip=\skip47
\belowcaptionskip=\skip48
\bibindent=\dimen138
)
(C:\Users\wlynes\OneDrive - high.net\Calculators\tex\texmfs\install\tex/latex/b
ase\inputenc.sty
Package: inputenc 2021/02/14 v1.3d Input encoding file
\inpenc@prehook=\toks16
\inpenc@posthook=\toks17
)
(C:\Users\wlynes\OneDrive - high.net\Calculators\tex\texmfs\install\tex/generic
/babel\babel.sty
Package: babel 2022/02/26 3.73 The Babel package
\babel@savecnt=\count194
\U@D=\dimen139
\l@unhyphenated=\language79

(C:\Users\wlynes\OneDrive - high.net\Calculators\tex\texmfs\install\tex/generic
/babel\txtbabel.def)
\bbl@readstream=\read2
\bbl@dirlevel=\count195

*************************************
* Local config file bblopts.cfg used
*

(C:\Users\wlynes\OneDrive - high.net\Calculators\tex\texmfs\install\tex/latex/a
rabi\bblopts.cfg
File: bblopts.cfg 2005/09/08 v0.1 add Arabic and Farsi to "declared" options of
 babel
)
(C:\Users\wlynes\OneDrive - high.net\Calculators\tex\texmfs\install\tex/latex/b
abel-english\english.ldf
Language: english 2017/06/06 v3.3r English support from the babel system
Package babel Info: Hyphen rules for 'canadian' set to \l@english
(babel)             (\language0). Reported on input line 102.
Package babel Info: Hyphen rules for 'australian' set to \l@ukenglish
(babel)             (\language73). Reported on input line 105.
Package babel Info: Hyphen rules for 'newzealand' set to \l@ukenglish
(babel)             (\language73). Reported on input line 108.
))
(C:\Users\wlynes\OneDrive - high.net\Calculators\tex\texmfs\install\tex/latex/b
ase\makeidx.sty
Package: makeidx 2021/10/04 v1.0m Standard LaTeX package
)
(C:\Users\wlynes\OneDrive - high.net\Calculators\tex\texmfs\install\tex/latex/g
eometry\geometry.sty
Package: geometry 2020/01/02 v5.9 Page Geometry

(C:\Users\wlynes\OneDrive - high.net\Calculators\tex\texmfs\install\tex/latex/g
raphics\keyval.sty
Package: keyval 2014/10/28 v1.15 key=value parser (DPC)
\KV@toks@=\toks18
)
(C:\Users\wlynes\OneDrive - high.net\Calculators\tex\texmfs\install\tex/generic
/iftex\ifvtex.sty
Package: ifvtex 2019/10/25 v1.7 ifvtex legacy package. Use iftex instead.

(C:\Users\wlynes\OneDrive - high.net\Calculators\tex\texmfs\install\tex/generic
/iftex\iftex.sty
Package: iftex 2022/02/03 v1.0f TeX engine tests
))
\Gm@cnth=\count196
\Gm@cntv=\count197
\c@Gm@tempcnt=\count198
\Gm@bindingoffset=\dimen140
\Gm@wd@mp=\dimen141
\Gm@odd@mp=\dimen142
\Gm@even@mp=\dimen143
\Gm@layoutwidth=\dimen144
\Gm@layoutheight=\dimen145
\Gm@layouthoffset=\dimen146
\Gm@layoutvoffset=\dimen147
\Gm@dimlist=\toks19

(C:\Users\wlynes\OneDrive - high.net\Calculators\tex\texmfs\install\tex/latex/g
eometry\geometry.cfg))
(C:\Users\wlynes\OneDrive - high.net\Calculators\tex\texmfs\install\tex/latex/p
dfpages\pdfpages.sty
Package: pdfpages 2022/01/29 v0.5u Insert pages of external PDF documents (AM)

(C:\Users\wlynes\OneDrive - high.net\Calculators\tex\texmfs\install\tex/latex/b
ase\ifthen.sty
Package: ifthen 2020/11/24 v1.1c Standard LaTeX ifthen package (DPC)
)
(C:\Users\wlynes\OneDrive - high.net\Calculators\tex\texmfs\install\tex/latex/t
ools\calc.sty
Package: calc 2017/05/25 v4.3 Infix arithmetic (KKT,FJ)
\calc@Acount=\count199
\calc@Bcount=\count266
\calc@Adimen=\dimen148
\calc@Bdimen=\dimen149
\calc@Askip=\skip49
\calc@Bskip=\skip50
LaTeX Info: Redefining \setlength on input line 80.
LaTeX Info: Redefining \addtolength on input line 81.
\calc@Ccount=\count267
\calc@Cskip=\skip51
)
(C:\Users\wlynes\OneDrive - high.net\Calculators\tex\texmfs\install\tex/latex/e
so-pic\eso-pic.sty
Package: eso-pic 2020/10/14 v3.0a eso-pic (RN)
\ESO@tempdima=\dimen150
\ESO@tempdimb=\dimen151

(C:\Users\wlynes\OneDrive - high.net\Calculators\tex\texmfs\install\tex/latex/x
color\xcolor.sty
Package: xcolor 2021/10/31 v2.13 LaTeX color extensions (UK)

(C:\Users\wlynes\OneDrive - high.net\Calculators\tex\texmfs\install\tex/latex/g
raphics-cfg\color.cfg
File: color.cfg 2016/01/02 v1.6 sample color configuration
)
Package xcolor Info: Driver file: pdftex.def on input line 227.

(C:\Users\wlynes\OneDrive - high.net\Calculators\tex\texmfs\install\tex/latex/g
raphics-def\pdftex.def
File: pdftex.def 2020/10/05 v1.2a Graphics/color driver for pdftex
)
Package xcolor Info: Model `cmy' substituted by `cmy0' on input line 1352.
Package xcolor Info: Model `hsb' substituted by `rgb' on input line 1356.
Package xcolor Info: Model `RGB' extended on input line 1368.
Package xcolor Info: Model `HTML' substituted by `rgb' on input line 1370.
Package xcolor Info: Model `Hsb' substituted by `hsb' on input line 1371.
Package xcolor Info: Model `tHsb' substituted by `hsb' on input line 1372.
Package xcolor Info: Model `HSB' substituted by `hsb' on input line 1373.
Package xcolor Info: Model `Gray' substituted by `gray' on input line 1374.
Package xcolor Info: Model `wave' substituted by `hsb' on input line 1375.
))
(C:\Users\wlynes\OneDrive - high.net\Calculators\tex\texmfs\install\tex/latex/g
raphics\graphicx.sty
Package: graphicx 2021/09/16 v1.2d Enhanced LaTeX Graphics (DPC,SPQR)

(C:\Users\wlynes\OneDrive - high.net\Calculators\tex\texmfs\install\tex/latex/g
raphics\graphics.sty
Package: graphics 2021/03/04 v1.4d Standard LaTeX Graphics (DPC,SPQR)

(C:\Users\wlynes\OneDrive - high.net\Calculators\tex\texmfs\install\tex/latex/g
raphics\trig.sty
Package: trig 2021/08/11 v1.11 sin cos tan (DPC)
)
(C:\Users\wlynes\OneDrive - high.net\Calculators\tex\texmfs\install\tex/latex/g
raphics-cfg\graphics.cfg
File: graphics.cfg 2016/06/04 v1.11 sample graphics configuration
)
Package graphics Info: Driver file: pdftex.def on input line 107.
)
\Gin@req@height=\dimen152
\Gin@req@width=\dimen153
)
\AM@pagewidth=\dimen154
\AM@pageheight=\dimen155
\AM@fboxrule=\dimen156

(C:\Users\wlynes\OneDrive - high.net\Calculators\tex\texmfs\install\tex/latex/p
dfpages\pppdftex.def
File: pppdftex.def 2022/01/29 v0.5u Pdfpages driver for pdfTeX (AM)
)
\pdfpages@includegraphics@status=\count268
\AM@pagebox=\box50
\AM@global@opts=\toks20
\AM@pagecnt=\count269
\AM@toc@title=\toks21
\c@AM@survey=\count270
\AM@templatesizebox=\box51
)
(C:\Users\wlynes\OneDrive - high.net\Calculators\tex\texmfs\install\tex/latex/p
snfss\helvet.sty
Package: helvet 2020/03/25 PSNFSS-v9.3 (WaS) 
)
(C:\Users\wlynes\OneDrive - high.net\Calculators\tex\texmfs\install\tex/latex/b
ase\fontenc.sty
Package: fontenc 2021/04/29 v2.0v Standard LaTeX package
LaTeX Font Info:    Trying to load font information for T1+phv on input line 11
2.

(C:\Users\wlynes\OneDrive - high.net\Calculators\tex\texmfs\install\tex/latex/p
snfss\t1phv.fd
File: t1phv.fd 2020/03/25 scalable font definitions for T1/phv.
)
LaTeX Font Info:    Font shape `T1/phv/m/n' will be
(Font)              scaled to size 10.40245pt on input line 112.
)
(C:\Users\wlynes\OneDrive - high.net\Calculators\tex\texmfs\install\tex/latex/t
itlesec\titlesec.sty
Package: titlesec 2021/07/05 v2.14 Sectioning titles
\ttl@box=\box52
\beforetitleunit=\skip52
\aftertitleunit=\skip53
\ttl@plus=\dimen157
\ttl@minus=\dimen158
\ttl@toksa=\toks22
\titlewidth=\dimen159
\titlewidthlast=\dimen160
\titlewidthfirst=\dimen161
)
(C:\Users\wlynes\OneDrive - high.net\Calculators\tex\texmfs\install\tex/latex/b
ookmark\bookmark.sty
Package: bookmark 2020-11-06 v1.29 PDF bookmarks (HO)

(C:\Users\wlynes\OneDrive - high.net\Calculators\tex\texmfs\install\tex/latex/h
yperref\hyperref.sty
Package: hyperref 2022-02-21 v7.00n Hypertext links for LaTeX

(C:\Users\wlynes\OneDrive - high.net\Calculators\tex\texmfs\install\tex/generic
/ltxcmds\ltxcmds.sty
Package: ltxcmds 2020-05-10 v1.25 LaTeX kernel commands for general use (HO)
)
(C:\Users\wlynes\OneDrive - high.net\Calculators\tex\texmfs\install\tex/generic
/pdftexcmds\pdftexcmds.sty
Package: pdftexcmds 2020-06-27 v0.33 Utility functions of pdfTeX for LuaTeX (HO
)

(C:\Users\wlynes\OneDrive - high.net\Calculators\tex\texmfs\install\tex/generic
/infwarerr\infwarerr.sty
Package: infwarerr 2019/12/03 v1.5 Providing info/warning/error messages (HO)
)
Package pdftexcmds Info: \pdf@primitive is available.
Package pdftexcmds Info: \pdf@ifprimitive is available.
Package pdftexcmds Info: \pdfdraftmode found.
)
(C:\Users\wlynes\OneDrive - high.net\Calculators\tex\texmfs\install\tex/generic
/kvsetkeys\kvsetkeys.sty
Package: kvsetkeys 2019/12/15 v1.18 Key value parser (HO)
)
(C:\Users\wlynes\OneDrive - high.net\Calculators\tex\texmfs\install\tex/generic
/kvdefinekeys\kvdefinekeys.sty
Package: kvdefinekeys 2019-12-19 v1.6 Define keys (HO)
)
(C:\Users\wlynes\OneDrive - high.net\Calculators\tex\texmfs\install\tex/generic
/pdfescape\pdfescape.sty
Package: pdfescape 2019/12/09 v1.15 Implements pdfTeX's escape features (HO)
)
(C:\Users\wlynes\OneDrive - high.net\Calculators\tex\texmfs\install\tex/latex/h
ycolor\hycolor.sty
Package: hycolor 2020-01-27 v1.10 Color options for hyperref/bookmark (HO)
)
(C:\Users\wlynes\OneDrive - high.net\Calculators\tex\texmfs\install\tex/latex/l
etltxmacro\letltxmacro.sty
Package: letltxmacro 2019/12/03 v1.6 Let assignment for LaTeX macros (HO)
)
(C:\Users\wlynes\OneDrive - high.net\Calculators\tex\texmfs\install\tex/latex/a
uxhook\auxhook.sty
Package: auxhook 2019-12-17 v1.6 Hooks for auxiliary files (HO)
)
(C:\Users\wlynes\OneDrive - high.net\Calculators\tex\texmfs\install\tex/latex/k
voptions\kvoptions.sty
Package: kvoptions 2020-10-07 v3.14 Key value format for package options (HO)
)
\@linkdim=\dimen162
\Hy@linkcounter=\count271
\Hy@pagecounter=\count272

(C:\Users\wlynes\OneDrive - high.net\Calculators\tex\texmfs\install\tex/latex/h
yperref\pd1enc.def
File: pd1enc.def 2022-02-21 v7.00n Hyperref: PDFDocEncoding definition (HO)
Now handling font encoding PD1 ...
... no UTF-8 mapping file for font encoding PD1
)
(C:\Users\wlynes\OneDrive - high.net\Calculators\tex\texmfs\install\tex/generic
/intcalc\intcalc.sty
Package: intcalc 2019/12/15 v1.3 Expandable calculations with integers (HO)
)
(C:\Users\wlynes\OneDrive - high.net\Calculators\tex\texmfs\install\tex/generic
/etexcmds\etexcmds.sty
Package: etexcmds 2019/12/15 v1.7 Avoid name clashes with e-TeX commands (HO)
)
\Hy@SavedSpaceFactor=\count273

(C:\Users\wlynes\OneDrive - high.net\Calculators\tex\texmfs\install\tex/latex/h
yperref\puenc.def
File: puenc.def 2022-02-21 v7.00n Hyperref: PDF Unicode definition (HO)
Now handling font encoding PU ...
... no UTF-8 mapping file for font encoding PU
)
Package hyperref Info: Hyper figures OFF on input line 4137.
Package hyperref Info: Link nesting OFF on input line 4142.
Package hyperref Info: Hyper index ON on input line 4145.
Package hyperref Info: Plain pages OFF on input line 4152.
Package hyperref Info: Backreferencing OFF on input line 4157.
Package hyperref Info: Implicit mode ON; LaTeX internals redefined.
Package hyperref Info: Bookmarks ON on input line 4390.
\c@Hy@tempcnt=\count274

(C:\Users\wlynes\OneDrive - high.net\Calculators\tex\texmfs\install\tex/latex/u
rl\url.sty
\Urlmuskip=\muskip16
Package: url 2013/09/16  ver 3.4  Verb mode for urls, etc.
)
LaTeX Info: Redefining \url on input line 4749.
\XeTeXLinkMargin=\dimen163

(C:\Users\wlynes\OneDrive - high.net\Calculators\tex\texmfs\install\tex/generic
/bitset\bitset.sty
Package: bitset 2019/12/09 v1.3 Handle bit-vector datatype (HO)

(C:\Users\wlynes\OneDrive - high.net\Calculators\tex\texmfs\install\tex/generic
/bigintcalc\bigintcalc.sty
Package: bigintcalc 2019/12/15 v1.5 Expandable calculations on big integers (HO
)
))
\Fld@menulength=\count275
\Field@Width=\dimen164
\Fld@charsize=\dimen165
Package hyperref Info: Hyper figures OFF on input line 6027.
Package hyperref Info: Link nesting OFF on input line 6032.
Package hyperref Info: Hyper index ON on input line 6035.
Package hyperref Info: backreferencing OFF on input line 6042.
Package hyperref Info: Link coloring OFF on input line 6047.
Package hyperref Info: Link coloring with OCG OFF on input line 6052.
Package hyperref Info: PDF/A mode OFF on input line 6057.
LaTeX Info: Redefining \ref on input line 6097.
LaTeX Info: Redefining \pageref on input line 6101.

(C:\Users\wlynes\OneDrive - high.net\Calculators\tex\texmfs\install\tex/latex/b
ase\atbegshi-ltx.sty
Package: atbegshi-ltx 2021/01/10 v1.0c Emulation of the original atbegshi
package with kernel methods
)
\Hy@abspage=\count276
\c@Item=\count277
\c@Hfootnote=\count278
)
Package hyperref Info: Driver (autodetected): hpdftex.

(C:\Users\wlynes\OneDrive - high.net\Calculators\tex\texmfs\install\tex/latex/h
yperref\hpdftex.def
File: hpdftex.def 2022-02-21 v7.00n Hyperref driver for pdfTeX

(C:\Users\wlynes\OneDrive - high.net\Calculators\tex\texmfs\install\tex/latex/b
ase\atveryend-ltx.sty
Package: atveryend-ltx 2020/08/19 v1.0a Emulation of the original atveryend pac
kage
with kernel methods
)
\Fld@listcount=\count279
\c@bookmark@seq@number=\count280

(C:\Users\wlynes\OneDrive - high.net\Calculators\tex\texmfs\install\tex/latex/r
erunfilecheck\rerunfilecheck.sty
Package: rerunfilecheck 2019/12/05 v1.9 Rerun checks for auxiliary files (HO)

(C:\Users\wlynes\OneDrive - high.net\Calculators\tex\texmfs\install\tex/generic
/uniquecounter\uniquecounter.sty
Package: uniquecounter 2019/12/15 v1.4 Provide unlimited unique counter (HO)
)
Package uniquecounter Info: New unique counter `rerunfilecheck' on input line 2
86.
)
\Hy@SectionHShift=\skip54
)
(C:\Users\wlynes\OneDrive - high.net\Calculators\tex\texmfs\install\tex/latex/b
ookmark\bkm-pdftex.def
File: bkm-pdftex.def 2020-11-06 v1.29 bookmark driver for pdfTeX (HO)
\BKM@id=\count281
))
(C:\Users\wlynes\OneDrive - high.net\Calculators\tex\texmfs\install\tex/latex/t
itlesec\titletoc.sty
Package: titletoc 2021/07/05 v2.14 TOC entries
\ttl@leftsep=\dimen166
)
(C:\Users\wlynes\OneDrive - high.net\Calculators\tex\texmfs\install\tex/latex/l
3backend\l3backend-pdftex.def
File: l3backend-pdftex.def 2022-04-20 L3 backend support: PDF output (pdfTeX)
\l__color_backend_stack_int=\count282
\l__pdf_internal_box=\box53
) (Jacking Operations Template 2022-10-31.aux)
\openout1 = `"Jacking Operations Template 2022-10-31.aux"'.

LaTeX Font Info:    Checking defaults for OML/cmm/m/it on input line 28.
LaTeX Font Info:    ... okay on input line 28.
LaTeX Font Info:    Checking defaults for OMS/cmsy/m/n on input line 28.
LaTeX Font Info:    ... okay on input line 28.
LaTeX Font Info:    Checking defaults for OT1/cmr/m/n on input line 28.
LaTeX Font Info:    ... okay on input line 28.
LaTeX Font Info:    Checking defaults for T1/cmr/m/n on input line 28.
LaTeX Font Info:    ... okay on input line 28.
LaTeX Font Info:    Checking defaults for TS1/cmr/m/n on input line 28.
LaTeX Font Info:    ... okay on input line 28.
LaTeX Font Info:    Checking defaults for OMX/cmex/m/n on input line 28.
LaTeX Font Info:    ... okay on input line 28.
LaTeX Font Info:    Checking defaults for U/cmr/m/n on input line 28.
LaTeX Font Info:    ... okay on input line 28.
LaTeX Font Info:    Checking defaults for PD1/pdf/m/n on input line 28.
LaTeX Font Info:    ... okay on input line 28.
LaTeX Font Info:    Checking defaults for PU/pdf/m/n on input line 28.
LaTeX Font Info:    ... okay on input line 28.

*geometry* driver: auto-detecting
*geometry* detected driver: pdftex
*geometry* verbose mode - [ preamble ] result:
* driver: pdftex
* paper: letterpaper
* layout: <same size as paper>
* layoutoffset:(h,v)=(0.0pt,0.0pt)
* modes: 
* h-part:(L,W,R)=(72.26999pt, 505.89001pt, 36.135pt)
* v-part:(T,H,B)=(72.26999pt, 668.4975pt, 54.2025pt)
* \paperwidth=614.295pt
* \paperheight=794.96999pt
* \textwidth=505.89001pt
* \textheight=668.4975pt
* \oddsidemargin=0.0pt
* \evensidemargin=0.0pt
* \topmargin=-37.0pt
* \headheight=12.0pt
* \headsep=25.0pt
* \topskip=11.0pt
* \footskip=30.0pt
* \marginparwidth=59.0pt
* \marginparsep=10.0pt
* \columnsep=10.0pt
* \skip\footins=10.0pt plus 4.0pt minus 2.0pt
* \hoffset=0.0pt
* \voffset=0.0pt
* \mag=1000
* \@twocolumnfalse
* \@twosidefalse
* \@mparswitchfalse
* \@reversemarginfalse
* (1in=72.27pt=25.4mm, 1cm=28.453pt)


(C:\Users\wlynes\OneDrive - high.net\Calculators\tex\texmfs\install\tex/context
/base/mkii\supp-pdf.mkii
[Loading MPS to PDF converter (version 2006.09.02).]
\scratchcounter=\count283
\scratchdimen=\dimen167
\scratchbox=\box54
\nofMPsegments=\count284
\nofMParguments=\count285
\everyMPshowfont=\toks23
\MPscratchCnt=\count286
\MPscratchDim=\dimen168
\MPnumerator=\count287
\makeMPintoPDFobject=\count288
\everyMPtoPDFconversion=\toks24
)
(C:\Users\wlynes\OneDrive - high.net\Calculators\tex\texmfs\install\tex/latex/e
pstopdf-pkg\epstopdf-base.sty
Package: epstopdf-base 2020-01-24 v2.11 Base part for package epstopdf
Package epstopdf-base Info: Redefining graphics rule for `.eps' on input line 4
85.

(C:\Users\wlynes\OneDrive - high.net\Calculators\tex\texmfs\install\tex/latex/0
0miktex\epstopdf-sys.cfg
File: epstopdf-sys.cfg 2021/03/18 v2.0 Configuration of epstopdf for MiKTeX
))
(C:\Users\wlynes\OneDrive - high.net\Calculators\tex\texmfs\install\tex/latex/p
dflscape\pdflscape.sty
Package: pdflscape 2019/12/05 v0.12 Display of landscape pages in PDF (HO)

(C:\Users\wlynes\OneDrive - high.net\Calculators\tex\texmfs\install\tex/latex/g
raphics\lscape.sty
Package: lscape 2020/05/28 v3.02 Landscape Pages (DPC)
)
Package pdflscape Info: Auto-detected driver: pdftex on input line 81.
)
Package hyperref Info: Link coloring OFF on input line 28.

(C:\Users\wlynes\OneDrive - high.net\Calculators\tex\texmfs\install\tex/latex/h
yperref\nameref.sty
Package: nameref 2021-04-02 v2.47 Cross-referencing by name of section

(C:\Users\wlynes\OneDrive - high.net\Calculators\tex\texmfs\install\tex/latex/r
efcount\refcount.sty
Package: refcount 2019/12/15 v3.6 Data extraction from label references (HO)
)
(C:\Users\wlynes\OneDrive - high.net\Calculators\tex\texmfs\install\tex/generic
/gettitlestring\gettitlestring.sty
Package: gettitlestring 2019/12/15 v1.6 Cleanup title references (HO)
)
\c@section@level=\count289
)
LaTeX Info: Redefining \ref on input line 28.
LaTeX Info: Redefining \pageref on input line 28.
LaTeX Info: Redefining \nameref on input line 28.
<Cover.pdf, id=3, 614.295pt x 794.97pt>
File: Cover.pdf Graphic file (type pdf)
<use Cover.pdf>
Package pdftex.def Info: Cover.pdf  used on input line 29.
(pdftex.def)             Requested size: 614.29349pt x 794.96806pt.
File: Cover.pdf Graphic file (type pdf)
<use Cover.pdf>
Package pdftex.def Info: Cover.pdf  used on input line 29.
(pdftex.def)             Requested size: 614.29349pt x 794.96806pt.
<Cover.pdf, id=6, page=1, 614.295pt x 794.97pt>
File: Cover.pdf Graphic file (type pdf)
<use Cover.pdf, page 1>
Package pdftex.def Info: Cover.pdf , page1 used on input line 29.
(pdftex.def)             Requested size: 614.29349pt x 794.96806pt.
File: Cover.pdf Graphic file (type pdf)
<use Cover.pdf, page 1>
Package pdftex.def Info: Cover.pdf , page1 used on input line 29.
(pdftex.def)             Requested size: 614.58406pt x 795.3441pt.
File: Cover.pdf Graphic file (type pdf)
<use Cover.pdf, page 1>
Package pdftex.def Info: Cover.pdf , page1 used on input line 29.
(pdftex.def)             Requested size: 614.58406pt x 795.3441pt.
File: Cover.pdf Graphic file (type pdf)
<use Cover.pdf, page 1>
Package pdftex.def Info: Cover.pdf , page1 used on input line 29.
(pdftex.def)             Requested size: 614.58406pt x 795.3441pt.
File: Cover.pdf Graphic file (type pdf)
<use Cover.pdf, page 1>
Package pdftex.def Info: Cover.pdf , page1 used on input line 29.
(pdftex.def)             Requested size: 614.58406pt x 795.3441pt.
 [1

 <./Cover.pdf{C:/Users/wlynes/OneDrive - high.net/Calculators/tex/texmfs/data/f
onts/map/pdftex/pdftex.map}>]
LaTeX Font Info:    Font shape `T1/phv/m/n' will be
(Font)              scaled to size 23.63593pt on input line 33.
LaTeX Font Info:    Font shape `T1/phv/b/n' will be
(Font)              scaled to size 23.63593pt on input line 33.

(Jacking Operations Template 2022-10-31.toc
LaTeX Font Info:    Font shape `T1/phv/b/n' will be
(Font)              scaled to size 10.40245pt on input line 2.
LaTeX Font Info:    External font `cmex10' loaded for size
(Font)              <10.95> on input line 4.
LaTeX Font Info:    External font `cmex10' loaded for size
(Font)              <8> on input line 4.
LaTeX Font Info:    External font `cmex10' loaded for size
(Font)              <6> on input line 4.

Overfull \hbox (0.63437pt too wide) detected at line 16
 []\T1/phv/m/n/10.95 C-1
 []

)
\tf@toc=\write3
\openout3 = `"Jacking Operations Template 2022-10-31.toc"'.

 [1

]
Chapter .
LaTeX Font Info:    Font shape `T1/phv/b/n' will be
(Font)              scaled to size 22.79993pt on input line 68.
[2

]
pdfTeX warning (ext4): destination with the same identifier (name{chapter.1}) h
as been already used, duplicate ignored
<to be read again> 
                   \relax 
l.74 \chapter{Jacking Operations Procedure}
                                           
Chapter 1.
[1


]
LaTeX Font Info:    Font shape `T1/phv/b/n' will be
(Font)              scaled to size 17.09995pt on input line 77.
 [1


]
<Procedure.pdf, id=74, 614.295pt x 794.97pt>
File: Procedure.pdf Graphic file (type pdf)
<use Procedure.pdf>
Package pdftex.def Info: Procedure.pdf  used on input line 78.
(pdftex.def)             Requested size: 614.29349pt x 794.96806pt.
File: Procedure.pdf Graphic file (type pdf)
<use Procedure.pdf>
Package pdftex.def Info: Procedure.pdf  used on input line 78.
(pdftex.def)             Requested size: 614.29349pt x 794.96806pt.
<Procedure.pdf, id=77, page=1, 614.295pt x 794.97pt>
File: Procedure.pdf Graphic file (type pdf)
<use Procedure.pdf, page 1>
Package pdftex.def Info: Procedure.pdf , page1 used on input line 78.
(pdftex.def)             Requested size: 614.29349pt x 794.96806pt.
File: Procedure.pdf Graphic file (type pdf)
<use Procedure.pdf, page 1>
Package pdftex.def Info: Procedure.pdf , page1 used on input line 78.
(pdftex.def)             Requested size: 614.58406pt x 795.3441pt.
File: Procedure.pdf Graphic file (type pdf)
<use Procedure.pdf, page 1>
Package pdftex.def Info: Procedure.pdf , page1 used on input line 78.
(pdftex.def)             Requested size: 614.58406pt x 795.3441pt.
File: Procedure.pdf Graphic file (type pdf)
<use Procedure.pdf, page 1>
Package pdftex.def Info: Procedure.pdf , page1 used on input line 78.
(pdftex.def)             Requested size: 614.58406pt x 795.3441pt.
File: Procedure.pdf Graphic file (type pdf)
<use Procedure.pdf, page 1>
Package pdftex.def Info: Procedure.pdf , page1 used on input line 78.
(pdftex.def)             Requested size: 614.58406pt x 795.3441pt.
 [2

 <./Procedure.pdf>] [3

] [4


]
Chapter 2.

pdfTeX warning (ext4): destination with the same identifier (name{page.}) has b
een already used, duplicate ignored
<to be read again> 
                   \relax 
l.86 \chapter{Engineering}
                           [1


] [2


] [3


]
<General Notes.pdf, id=121, 614.295pt x 794.97pt>
File: General Notes.pdf Graphic file (type pdf)
<use General Notes.pdf>
Package pdftex.def Info: General Notes.pdf  used on input line 92.
(pdftex.def)             Requested size: 614.29349pt x 794.96806pt.
File: General Notes.pdf Graphic file (type pdf)
<use General Notes.pdf>
Package pdftex.def Info: General Notes.pdf  used on input line 92.
(pdftex.def)             Requested size: 614.29349pt x 794.96806pt.
<General Notes.pdf, id=124, page=1, 614.295pt x 794.97pt>
File: General Notes.pdf Graphic file (type pdf)
<use General Notes.pdf, page 1>
Package pdftex.def Info: General Notes.pdf , page1 used on input line 92.
(pdftex.def)             Requested size: 614.29349pt x 794.96806pt.
File: General Notes.pdf Graphic file (type pdf)
<use General Notes.pdf, page 1>
Package pdftex.def Info: General Notes.pdf , page1 used on input line 92.
(pdftex.def)             Requested size: 614.58406pt x 795.3441pt.
File: General Notes.pdf Graphic file (type pdf)
<use General Notes.pdf, page 1>
Package pdftex.def Info: General Notes.pdf , page1 used on input line 92.
(pdftex.def)             Requested size: 614.58406pt x 795.3441pt.
File: General Notes.pdf Graphic file (type pdf)
<use General Notes.pdf, page 1>
Package pdftex.def Info: General Notes.pdf , page1 used on input line 92.
(pdftex.def)             Requested size: 614.58406pt x 795.3441pt.
File: General Notes.pdf Graphic file (type pdf)
<use General Notes.pdf, page 1>
Package pdftex.def Info: General Notes.pdf , page1 used on input line 92.
(pdftex.def)             Requested size: 614.58406pt x 795.3441pt.
 [4

 <./General Notes.pdf>] [5

]
<Loading - Level 4.pdf, id=162, 614.295pt x 794.97pt>
File: Loading - Level 4.pdf Graphic file (type pdf)
<use Loading - Level 4.pdf>
Package pdftex.def Info: Loading - Level 4.pdf  used on input line 96.
(pdftex.def)             Requested size: 614.29349pt x 794.96806pt.
File: Loading - Level 4.pdf Graphic file (type pdf)
<use Loading - Level 4.pdf>
Package pdftex.def Info: Loading - Level 4.pdf  used on input line 96.
(pdftex.def)             Requested size: 614.29349pt x 794.96806pt.
<Loading - Level 4.pdf, id=165, page=1, 614.295pt x 794.97pt>
File: Loading - Level 4.pdf Graphic file (type pdf)
<use Loading - Level 4.pdf, page 1>
Package pdftex.def Info: Loading - Level 4.pdf , page1 used on input line 96.
(pdftex.def)             Requested size: 614.29349pt x 794.96806pt.
File: Loading - Level 4.pdf Graphic file (type pdf)
<use Loading - Level 4.pdf, page 1>
Package pdftex.def Info: Loading - Level 4.pdf , page1 used on input line 96.
(pdftex.def)             Requested size: 614.58406pt x 795.3441pt.
File: Loading - Level 4.pdf Graphic file (type pdf)
<use Loading - Level 4.pdf, page 1>
Package pdftex.def Info: Loading - Level 4.pdf , page1 used on input line 96.
(pdftex.def)             Requested size: 614.58406pt x 795.3441pt.
File: Loading - Level 4.pdf Graphic file (type pdf)
<use Loading - Level 4.pdf, page 1>
Package pdftex.def Info: Loading - Level 4.pdf , page1 used on input line 96.
(pdftex.def)             Requested size: 614.58406pt x 795.3441pt.
File: Loading - Level 4.pdf Graphic file (type pdf)
<use Loading - Level 4.pdf, page 1>
Package pdftex.def Info: Loading - Level 4.pdf , page1 used on input line 96.
(pdftex.def)             Requested size: 614.58406pt x 795.3441pt.
 [6

 <./Loading - Level 4.pdf>]
<Loading - Level 4.pdf, id=199, page=2, 614.295pt x 794.97pt>
File: Loading - Level 4.pdf Graphic file (type pdf)
<use Loading - Level 4.pdf, page 2>
Package pdftex.def Info: Loading - Level 4.pdf , page2 used on input line 96.
(pdftex.def)             Requested size: 614.58406pt x 795.3441pt.
File: Loading - Level 4.pdf Graphic file (type pdf)
<use Loading - Level 4.pdf, page 2>
Package pdftex.def Info: Loading - Level 4.pdf , page2 used on input line 96.
(pdftex.def)             Requested size: 614.58406pt x 795.3441pt.
File: Loading - Level 4.pdf Graphic file (type pdf)
<use Loading - Level 4.pdf, page 2>
Package pdftex.def Info: Loading - Level 4.pdf , page2 used on input line 96.
(pdftex.def)             Requested size: 614.58406pt x 795.3441pt.
 [7 <./Loading - Level 4.pdf>] [8

]
pdfTeX warning (ext4): destination with the same identifier (name{page.}) has b
een already used, duplicate ignored
<to be read again> 
                   \relax 
l.117 \chapter*{Appendices}
                            [-1


] [1


] [1


]
<WBLN1580G - 150ton Locking Nut Jack Cylinder.pdf, id=227, 614.295pt x 794.97pt
>
File: WBLN1580G - 150ton Locking Nut Jack Cylinder.pdf Graphic file (type pdf)
<use WBLN1580G - 150ton Locking Nut Jack Cylinder.pdf>
Package pdftex.def Info: WBLN1580G - 150ton Locking Nut Jack Cylinder.pdf  used
 on input line 128.
(pdftex.def)             Requested size: 614.29349pt x 794.96806pt.
File: WBLN1580G - 150ton Locking Nut Jack Cylinder.pdf Graphic file (type pdf)
<use WBLN1580G - 150ton Locking Nut Jack Cylinder.pdf>
Package pdftex.def Info: WBLN1580G - 150ton Locking Nut Jack Cylinder.pdf  used
 on input line 128.
(pdftex.def)             Requested size: 614.29349pt x 794.96806pt.
<WBLN1580G - 150ton Locking Nut Jack Cylinder.pdf, id=230, page=1, 614.295pt x 
794.97pt>
File: WBLN1580G - 150ton Locking Nut Jack Cylinder.pdf Graphic file (type pdf)
<use WBLN1580G - 150ton Locking Nut Jack Cylinder.pdf, page 1>
Package pdftex.def Info: WBLN1580G - 150ton Locking Nut Jack Cylinder.pdf , pag
e1 used on input line 128.
(pdftex.def)             Requested size: 614.29349pt x 794.96806pt.
File: WBLN1580G - 150ton Locking Nut Jack Cylinder.pdf Graphic file (type pdf)
<use WBLN1580G - 150ton Locking Nut Jack Cylinder.pdf, page 1>
Package pdftex.def Info: WBLN1580G - 150ton Locking Nut Jack Cylinder.pdf , pag
e1 used on input line 128.
(pdftex.def)             Requested size: 614.58406pt x 795.3441pt.
File: WBLN1580G - 150ton Locking Nut Jack Cylinder.pdf Graphic file (type pdf)
<use WBLN1580G - 150ton Locking Nut Jack Cylinder.pdf, page 1>
Package pdftex.def Info: WBLN1580G - 150ton Locking Nut Jack Cylinder.pdf , pag
e1 used on input line 128.
(pdftex.def)             Requested size: 614.58406pt x 795.3441pt.
File: WBLN1580G - 150ton Locking Nut Jack Cylinder.pdf Graphic file (type pdf)
<use WBLN1580G - 150ton Locking Nut Jack Cylinder.pdf, page 1>
Package pdftex.def Info: WBLN1580G - 150ton Locking Nut Jack Cylinder.pdf , pag
e1 used on input line 128.
(pdftex.def)             Requested size: 614.58406pt x 795.3441pt.
File: WBLN1580G - 150ton Locking Nut Jack Cylinder.pdf Graphic file (type pdf)
<use WBLN1580G - 150ton Locking Nut Jack Cylinder.pdf, page 1>
Package pdftex.def Info: WBLN1580G - 150ton Locking Nut Jack Cylinder.pdf , pag
e1 used on input line 128.
(pdftex.def)             Requested size: 614.58406pt x 795.3441pt.
 [2

 <./WBLN1580G - 150ton Locking Nut Jack Cylinder.pdf

pdfTeX warning: pdflatex (file ./WBLN1580G - 150ton Locking Nut Jack Cylinder.p
df): PDF inclusion: Subtype in Resources dict is not a name (key 'Subtype', typ
e <stream>); ignored.
>] [1

] (Jacking Operations Template 2022-10-31.aux) ) 
Here is how much of TeX's memory you used:
 11964 strings out of 478547
 197315 string characters out of 2831397
 504605 words of memory out of 3000000
 29982 multiletter control sequences out of 15000+600000
 487544 words of font info for 48 fonts, out of 8000000 for 9000
 1141 hyphenation exceptions out of 8191
 74i,17n,77p,661b,490s stack positions out of 10000i,1000n,20000p,200000b,80000s
{C:/Users/wlynes/OneDrive - hig
h.net/Calculators/tex/texmfs/install/fonts/enc/dvips/base/8r.enc}<C:/Users/wlyn
es/OneDrive - high.net/Calculators/tex/texmfs/install/fonts/type1/urw/helvetic/
uhvb8a.pfb><C:/Users/wlynes/OneDrive - high.net/Calculators/tex/texmfs/install/
fonts/type1/urw/helvetic/uhvr8a.pfb>
Output written on "Jacking Operations Template 2022-10-31.pdf" (21 pages, 83589
9 bytes).
PDF statistics:
 304 PDF objects out of 1000 (max. 8388607)
 35 named destinations out of 1000 (max. 500000)
 218 words of extra memory for PDF output out of 10000 (max. 10000000)

