06:53:25	Initializing STAAD Engine
06:53:25	Run stream set up is complete.
06:53:25	Initialize license libraries.
06:53:25	License libraries initialized.
06:53:25	Starting license(s) for A & D engine.
06:53:25	License information set up is complete.
****************************************************************************
*                            START OF ANALYSIS                             *
****************************************************************************
* Initiating Analysis At Mon Apr 11 06:53:25 2022
                          PROGRAM: STAAD.Pro
                          VERSION: 22.01.00.39
                 6:53:25:79  ENTERING STAAD
                 6:53:25:79  USING 64 BIT STAAD ENGINE
                 6:53:25:79  ENTERING MAINN
                 6:53:25:79  START JOB INFORMATION
                 6:53:25:79  INPUT WIDTH 79
                 6:53:25:79  UNIT INCHES KIP
                 6:53:25:79  JOINT COORDINATES
                 6:53:25:79  ENTERING JOINTC
                 6:53:25:79  JOINTC NEWJ                                 400000
                 6:53:25:80  MAX NODE NO.                                   132
                 6:53:25:80  ELEMENT INCIDENCES SH
                 6:53:25:80  ENTERING ELEMEN
                 6:53:25:80  PARAMETRIC MODEL EAR
* End Of Analysis At Mon Apr 11 06:53:25 2022
* CPU usage = 0.038000
* STAAD Exit Code: 100, Warning Count: 1, Error Count: 1, Duration: 0.038
1 1 1 0.038
****************************************************************************
*                            END OF ANALYSIS                               *
****************************************************************************
