04/11/2022 06:47:37	Reading UID database.
04/11/2022 06:47:37	Start loading STAAD model.
04/11/2022 06:47:37	Reading model file.
04/11/2022 06:47:37	Reading model file is complete.
04/11/2022 06:47:37	Processing support.
04/11/2022 06:47:37	Processing springs.
04/11/2022 06:47:37	Processing properties.
04/11/2022 06:47:37	Processing physical properties.
04/11/2022 06:47:37	Processing constants.
04/11/2022 06:47:37	Processing surface constants.
04/11/2022 06:47:37	Processing BETA constants.
04/11/2022 06:47:37	Processing hidden analytical member loads.
04/11/2022 06:47:37	Processing command list for member release.
04/11/2022 06:47:37	Processing command list for member offset.
04/11/2022 06:47:37	Processing command list for member specs (cracked).
04/11/2022 06:47:37	Processing command list for member specs (axial).
04/11/2022 06:47:37	Processing command list for element release.
04/11/2022 06:47:37	Processing command list for element offset.
04/11/2022 06:47:37	Processing command list for element plate stress directive.
04/11/2022 06:47:37	End Processing command list.
04/11/2022 06:47:37	End loading STAAD model.
